[19:38:35] [main/INFO] (FabricLoader/GameProvider) Loading Minecraft 1.18.1 with Fabric Loader 0.12.12
[19:38:35] [main/INFO] (FabricLoader) Loading 51 mods:
	- fabric 0.45.0+1.18
	- fabric-api-base 0.4.1+b4f4f6cd65
	- fabric-api-lookup-api-v1 1.5.0+17be577f65
	- fabric-biome-api-v1 6.0.1+ded849a965
	- fabric-blockrenderlayer-v1 1.1.9+3ac43d9565
	- fabric-command-api-v1 1.1.6+3ac43d9565
	- fabric-commands-v0 0.2.5+b4f4f6cd65
	- fabric-containers-v0 0.1.18+d154e2c665
	- fabric-content-registries-v0 0.4.5+6f53a73d65
	- fabric-crash-report-info-v1 0.1.8+3ac43d9565
	- fabric-data-generation-api-v1 1.1.0+9b1557c165
	- fabric-dimensions-v1 2.1.7+43d2957165
	- fabric-entity-events-v1 1.4.5+6b21378a65
	- fabric-events-interaction-v0 0.4.16+bfa23f1765
	- fabric-events-lifecycle-v0 0.2.6+b4f4f6cd65
	- fabric-game-rule-api-v1 1.0.10+3ac43d9565
	- fabric-gametest-api-v1 1.0.6+b71809b465
	- fabric-item-api-v1 1.3.0+691a79b565
	- fabric-item-groups-v0 0.3.3+3ac43d9565
	- fabric-key-binding-api-v1 1.0.8+c8aba2f365
	- fabric-keybindings-v0 0.2.6+b4f4f6cd65
	- fabric-lifecycle-events-v1 1.4.10+c15ca33565
	- fabric-loot-tables-v1 1.0.8+3ac43d9565
	- fabric-mining-level-api-v1 1.0.3+3ac43d9565
	- fabric-mining-levels-v0 0.1.7+b4f4f6cd65
	- fabric-models-v0 0.3.3+3ac43d9565
	- fabric-networking-api-v1 1.0.18+3ac43d9565
	- fabric-networking-v0 0.3.5+b4f4f6cd65
	- fabric-object-builder-api-v1 1.11.0+3b82842e65
	- fabric-object-builders-v0 0.7.8+3ac43d9565
	- fabric-particles-v1 0.2.9+526dc1ac65
	- fabric-registry-sync-v0 0.8.6+533be9ba65
	- fabric-renderer-api-v1 0.4.9+3ac43d9565
	- fabric-renderer-indigo 0.4.12+3ac43d9565
	- fabric-renderer-registries-v1 3.2.7+b4f4f6cd65
	- fabric-rendering-data-attachment-v1 0.3.4+7242e9d765
	- fabric-rendering-fluids-v1 0.1.18+3ac43d9565
	- fabric-rendering-v0 1.1.9+b4f4f6cd65
	- fabric-rendering-v1 1.10.3+6b21378a65
	- fabric-resource-loader-v0 0.4.11+3ac43d9565
	- fabric-screen-api-v1 1.0.7+3ac43d9565
	- fabric-screen-handler-api-v1 1.1.11+3ac43d9565
	- fabric-structure-api-v1 2.0.8+295197a765
	- fabric-tag-extensions-v0 1.2.5+3ac43d9565
	- fabric-textures-v0 1.0.9+3ac43d9565
	- fabric-tool-attribute-api-v1 1.3.4+7de09f5565
	- fabric-transfer-api-v1 1.5.6+b4f4f6cd65
	- fabricloader 0.12.12
	- java 17
	- minecraft 1.18.1
	- mobscarecrow 1.0.0
[19:38:35] [main/INFO] (FabricLoader/Mixin) SpongePowered MIXIN Subsystem Version=0.8.4 Source=file:/C:/Users/reill/.gradle/caches/modules-2/files-2.1/net.fabricmc/sponge-mixin/0.10.7+mixin.0.8.4/7a4ca9d54d9ae564dea0363d668036a8420ed9b8/sponge-mixin-0.10.7+mixin.0.8.4.jar Service=Knot/Fabric Env=CLIENT
[19:38:36] [main/INFO] (FabricLoader/Mixin) Loaded Fabric development mappings for mixin remapper!
[19:38:36] [main/INFO] (FabricLoader/Mixin) Compatibility level set to JAVA_16
[19:38:36] [main/INFO] (FabricLoader/Mixin) Compatibility level set to JAVA_17
[19:38:41] [main/WARN] (FabricLoader/Mixin) @Inject(@At("INVOKE")) Shift.BY=3 on fabric-lifecycle-events-v1.mixins.json:client.WorldChunkMixin::handler$zeo000$onLoadBlockEntity exceeds the maximum allowed value: 0. Increase the value of maxShiftBy to suppress this warning.
[19:38:55] [Render thread/INFO] (Minecraft) Environment: authHost='https://authserver.mojang.com', accountsHost='https://api.mojang.com', sessionHost='https://sessionserver.mojang.com', servicesHost='https://api.minecraftservices.com', name='PROD'
[19:38:57] [Render thread/ERROR] (Minecraft) Failed to verify authentication
com.mojang.authlib.exceptions.InvalidCredentialsException: Status: 401
	at com.mojang.authlib.exceptions.MinecraftClientHttpException.toAuthenticationException(MinecraftClientHttpException.java:56) ~[authlib-3.2.38.jar:?]
	at com.mojang.authlib.yggdrasil.YggdrasilUserApiService.fetchProperties(YggdrasilUserApiService.java:132) ~[authlib-3.2.38.jar:?]
	at com.mojang.authlib.yggdrasil.YggdrasilUserApiService.<init>(YggdrasilUserApiService.java:44) ~[authlib-3.2.38.jar:?]
	at com.mojang.authlib.yggdrasil.YggdrasilAuthenticationService.createUserApiService(YggdrasilAuthenticationService.java:153) ~[authlib-3.2.38.jar:?]
	at net.minecraft.client.MinecraftClient.createUserApiService(MinecraftClient.java:670) [minecraft-project-@-mapped.jar:?]
	at net.minecraft.client.MinecraftClient.<init>(MinecraftClient.java:424) [minecraft-project-@-mapped.jar:?]
	at net.minecraft.client.main.Main.main(Main.java:199) [minecraft-project-@-mapped.jar:?]
	at jdk.internal.reflect.NativeMethodAccessorImpl.invoke0(Native Method) ~[?:?]
	at jdk.internal.reflect.NativeMethodAccessorImpl.invoke(NativeMethodAccessorImpl.java:77) ~[?:?]
	at jdk.internal.reflect.DelegatingMethodAccessorImpl.invoke(DelegatingMethodAccessorImpl.java:43) ~[?:?]
	at java.lang.reflect.Method.invoke(Method.java:568) ~[?:?]
	at net.fabricmc.loader.impl.game.minecraft.MinecraftGameProvider.launch(MinecraftGameProvider.java:608) [fabric-loader-0.12.12.jar:?]
	at net.fabricmc.loader.impl.launch.knot.Knot.launch(Knot.java:77) [fabric-loader-0.12.12.jar:?]
	at net.fabricmc.loader.impl.launch.knot.KnotClient.main(KnotClient.java:23) [fabric-loader-0.12.12.jar:?]
	at net.fabricmc.devlaunchinjector.Main.main(Main.java:86) [dev-launch-injector-0.2.1+build.8.jar:?]
Caused by: com.mojang.authlib.exceptions.MinecraftClientHttpException: Status: 401
	at com.mojang.authlib.minecraft.client.MinecraftClient.readInputStream(MinecraftClient.java:78) ~[authlib-3.2.38.jar:?]
	at com.mojang.authlib.minecraft.client.MinecraftClient.get(MinecraftClient.java:48) ~[authlib-3.2.38.jar:?]
	at com.mojang.authlib.yggdrasil.YggdrasilUserApiService.fetchProperties(YggdrasilUserApiService.java:113) ~[authlib-3.2.38.jar:?]
	... 13 more
[19:38:58] [Render thread/INFO] (Minecraft) Setting user: Player986
[19:38:58] [Render thread/INFO] (MobScarecrow) [Mob-Scarecrow] is initializing.
[19:38:59] [Render thread/INFO] (MobScarecrow) [Mob-Scarecrow] has successfully been initialized.
[19:38:59] [Render thread/INFO] (MobScarecrow) [Mob-Scarecrow] if you have any issues or questions feel free to join my Discord: https://discord.gg/fvcFxTg6sB
[19:39:00] [Render thread/INFO] (Indigo) [Indigo] Registering Indigo renderer!
[19:39:03] [Render thread/INFO] (Minecraft) Backend library: LWJGL version 3.2.2 build 10
[19:39:04] [Render thread/INFO] (Minecraft) Narrator library for x64 successfully loaded
[19:39:04] [Render thread/INFO] (Minecraft) Reloading ResourceManager: Default, Fabric Mods (Fabric Mining Levels (v0), Fabric Data Generation API (v1), Fabric Rendering Fluids (v1), Fabric Renderer - Indigo, Fabric Structure API (v1), Fabric Tool Attribute API (v1), Mob Scarecrow, Fabric Mining Level API (v1), Fabric API Base, Fabric Textures (v0), Fabric Object Builder API (v1), Fabric Biome API (v1), Fabric Networking (v0), Fabric Particles (v1), Fabric Item API (v1), Fabric Screen Handler API (v1), Fabric Command API (v1), Fabric Key Bindings (v0), Fabric Models (v0), Fabric Entity Events (v1), Fabric Item Groups (v0), Fabric Screen API (v1), Fabric Game Test API (v1), Fabric Lifecycle Events (v1), Fabric Object Builders (v0), Fabric Events Interaction (v0), Fabric Transfer API (v1), Fabric Resource Loader (v0), Fabric Crash Report Info (v1), Fabric Renderer Registries (v1), Fabric Registry Sync (v0), Fabric Rendering Data Attachment (v1), Fabric Rendering (v0), Fabric Dimensions API (v1), Fabric API, Fabric Key Binding API (v1), Fabric API Lookup API (v1), Fabric Networking API (v1), Fabric Events Lifecycle (v0), Fabric BlockRenderLayer Registration (v1), Fabric Loader, Fabric Loot Tables (v1), Fabric Game Rule API (v1), Fabric Rendering (v1), Fabric Tag Extensions (v0), Fabric Containers (v0), Fabric Renderer API (v1), Fabric Commands (v0), Fabric Content Registries (v0))
[19:39:05] [Realms Notification Availability checker #1/INFO] (Minecraft) Could not authorize you against Realms server: Invalid session id
[19:39:06] [Worker-Main-41/ERROR] (Minecraft) Using missing texture, unable to load mobscarecrow:textures/particle/scarecrowparticle_particle.png : java.io.FileNotFoundException: mobscarecrow:textures/particle/scarecrowparticle_particle.png
[19:39:06] [Render thread/INFO] (Minecraft) OpenAL initialized on device OpenAL Soft on Headphones (Jabra Elite 85h Stereo)
[19:39:06] [Render thread/INFO] (Minecraft) Sound engine started
[19:39:06] [Render thread/INFO] (Minecraft) Created: 1024x1024x4 minecraft:textures/atlas/blocks.png-atlas
[19:39:06] [Render thread/INFO] (Minecraft) Created: 256x128x4 minecraft:textures/atlas/signs.png-atlas
[19:39:06] [Render thread/INFO] (Minecraft) Created: 1024x512x4 minecraft:textures/atlas/banner_patterns.png-atlas
[19:39:06] [Render thread/INFO] (Minecraft) Created: 1024x512x4 minecraft:textures/atlas/shield_patterns.png-atlas
[19:39:06] [Render thread/INFO] (Minecraft) Created: 256x256x4 minecraft:textures/atlas/chest.png-atlas
[19:39:06] [Render thread/INFO] (Minecraft) Created: 512x256x4 minecraft:textures/atlas/beds.png-atlas
[19:39:06] [Render thread/INFO] (Minecraft) Created: 512x256x4 minecraft:textures/atlas/shulker_boxes.png-atlas
[19:39:07] [Render thread/INFO] (Minecraft) Created: 256x256x0 minecraft:textures/atlas/particles.png-atlas
[19:39:07] [Render thread/INFO] (Minecraft) Created: 256x256x0 minecraft:textures/atlas/paintings.png-atlas
[19:39:07] [Render thread/INFO] (Minecraft) Created: 256x128x0 minecraft:textures/atlas/mob_effects.png-atlas
[19:41:30] [Render thread/WARN] (Minecraft) Ambiguity between arguments [teleport, location] and [teleport, destination] with inputs: [0.1 -0.5 .9, 0 0 0]
[19:41:30] [Render thread/WARN] (Minecraft) Ambiguity between arguments [teleport, location] and [teleport, targets] with inputs: [0.1 -0.5 .9, 0 0 0]
[19:41:30] [Render thread/WARN] (Minecraft) Ambiguity between arguments [teleport, destination] and [teleport, targets] with inputs: [Player, 0123, @e, dd12be42-52a9-4a91-a8a1-11c01849e498]
[19:41:30] [Render thread/WARN] (Minecraft) Ambiguity between arguments [teleport, targets] and [teleport, destination] with inputs: [Player, 0123, dd12be42-52a9-4a91-a8a1-11c01849e498]
[19:41:30] [Render thread/WARN] (Minecraft) Ambiguity between arguments [teleport, targets, location] and [teleport, targets, destination] with inputs: [0.1 -0.5 .9, 0 0 0]
[19:41:30] [Render thread/INFO] (Minecraft) Reloading ResourceManager: Default, Fabric Mods (Fabric Tool Attribute API (v1), Mob Scarecrow, Fabric Game Test API (v1))
[19:41:30] [Render thread/INFO] (Minecraft) Loaded 7 recipes
[19:41:31] [Render thread/INFO] (Minecraft) Loaded 1141 advancements
[19:41:31] [Render thread/INFO] (BiomeModificationImpl) Applied 0 biome modifications to 0 of 61 new biomes in 1.891 ms
[19:41:32] [Render thread/INFO] (Minecraft) Environment: authHost='https://authserver.mojang.com', accountsHost='https://api.mojang.com', sessionHost='https://sessionserver.mojang.com', servicesHost='https://api.minecraftservices.com', name='PROD'
[19:41:32] [Server thread/INFO] (Minecraft) Starting integrated minecraft server version 1.18.1
[19:41:32] [Server thread/INFO] (Minecraft) Generating keypair
[19:41:37] [Server thread/INFO] (Minecraft) Preparing start region for dimension minecraft:overworld
[19:41:38] [Render thread/INFO] (Minecraft) Preparing spawn area: 0%
[19:41:38] [Render thread/INFO] (Minecraft) Preparing spawn area: 0%
[19:41:38] [Render thread/INFO] (Minecraft) Preparing spawn area: 0%
[19:41:38] [Render thread/INFO] (Minecraft) Preparing spawn area: 0%
[19:41:39] [Render thread/INFO] (Minecraft) Preparing spawn area: 0%
[19:41:39] [Render thread/INFO] (Minecraft) Preparing spawn area: 1%
[19:41:40] [Render thread/INFO] (Minecraft) Preparing spawn area: 2%
[19:41:40] [Render thread/INFO] (Minecraft) Preparing spawn area: 3%
[19:41:41] [Render thread/INFO] (Minecraft) Preparing spawn area: 4%
[19:41:41] [Render thread/INFO] (Minecraft) Preparing spawn area: 5%
[19:41:42] [Render thread/INFO] (Minecraft) Preparing spawn area: 6%
[19:41:42] [Render thread/INFO] (Minecraft) Preparing spawn area: 8%
[19:41:43] [Render thread/INFO] (Minecraft) Preparing spawn area: 10%
[19:41:43] [Render thread/INFO] (Minecraft) Preparing spawn area: 11%
[19:41:44] [Render thread/INFO] (Minecraft) Preparing spawn area: 12%
[19:41:44] [Render thread/INFO] (Minecraft) Preparing spawn area: 16%
[19:41:45] [Render thread/INFO] (Minecraft) Preparing spawn area: 16%
[19:41:45] [Render thread/INFO] (Minecraft) Preparing spawn area: 18%
[19:41:46] [Render thread/INFO] (Minecraft) Preparing spawn area: 20%
[19:41:46] [Render thread/INFO] (Minecraft) Preparing spawn area: 22%
[19:41:47] [Render thread/INFO] (Minecraft) Preparing spawn area: 24%
[19:41:47] [Render thread/INFO] (Minecraft) Preparing spawn area: 25%
[19:41:48] [Render thread/INFO] (Minecraft) Preparing spawn area: 27%
[19:41:48] [Render thread/INFO] (Minecraft) Preparing spawn area: 29%
[19:41:49] [Render thread/INFO] (Minecraft) Preparing spawn area: 32%
[19:41:49] [Render thread/INFO] (Minecraft) Preparing spawn area: 34%
[19:41:50] [Render thread/INFO] (Minecraft) Preparing spawn area: 35%
[19:41:50] [Render thread/INFO] (Minecraft) Preparing spawn area: 38%
[19:41:51] [Render thread/INFO] (Minecraft) Preparing spawn area: 40%
[19:41:51] [Render thread/INFO] (Minecraft) Preparing spawn area: 42%
[19:41:52] [Render thread/INFO] (Minecraft) Preparing spawn area: 43%
[19:41:52] [Render thread/INFO] (Minecraft) Preparing spawn area: 46%
[19:41:53] [Render thread/INFO] (Minecraft) Preparing spawn area: 47%
[19:41:53] [Render thread/INFO] (Minecraft) Preparing spawn area: 50%
[19:41:54] [Render thread/INFO] (Minecraft) Preparing spawn area: 52%
[19:41:54] [Render thread/INFO] (Minecraft) Preparing spawn area: 55%
[19:41:55] [Render thread/INFO] (Minecraft) Preparing spawn area: 58%
[19:41:55] [Render thread/INFO] (Minecraft) Preparing spawn area: 60%
[19:41:56] [Render thread/INFO] (Minecraft) Preparing spawn area: 63%
[19:41:56] [Render thread/INFO] (Minecraft) Preparing spawn area: 64%
[19:41:57] [Render thread/INFO] (Minecraft) Preparing spawn area: 67%
[19:41:57] [Render thread/INFO] (Minecraft) Preparing spawn area: 68%
[19:41:58] [Render thread/INFO] (Minecraft) Preparing spawn area: 69%
[19:41:58] [Render thread/INFO] (Minecraft) Preparing spawn area: 72%
[19:41:59] [Render thread/INFO] (Minecraft) Preparing spawn area: 75%
[19:41:59] [Render thread/INFO] (Minecraft) Preparing spawn area: 76%
[19:42:00] [Render thread/INFO] (Minecraft) Preparing spawn area: 77%
[19:42:00] [Render thread/INFO] (Minecraft) Preparing spawn area: 79%
[19:42:01] [Render thread/INFO] (Minecraft) Preparing spawn area: 84%
[19:42:01] [Render thread/INFO] (Minecraft) Preparing spawn area: 85%
[19:42:02] [Render thread/INFO] (Minecraft) Preparing spawn area: 87%
[19:42:02] [Render thread/INFO] (Minecraft) Preparing spawn area: 89%
[19:42:03] [Render thread/INFO] (Minecraft) Preparing spawn area: 91%
[19:42:03] [Render thread/INFO] (Minecraft) Preparing spawn area: 93%
[19:42:04] [Render thread/INFO] (Minecraft) Preparing spawn area: 96%
[19:42:04] [Render thread/INFO] (Minecraft) Time elapsed: 27385 ms
[19:42:04] [Server thread/INFO] (Minecraft) Changing view distance to 12, from 10
[19:42:04] [Server thread/INFO] (Minecraft) Changing simulation distance to 12, from 0
[19:42:05] [Server thread/INFO] (Minecraft) Player986[local:E:8dabf360] logged in with entity id 163 at (3.5, 67.0, -66.5)
[19:42:05] [Server thread/INFO] (Minecraft) Player986 joined the game
[19:42:06] [Render thread/INFO] (Minecraft) Loaded 0 advancements
[19:44:20] [Server thread/INFO] (Minecraft) [Player986: Summoned new Spider]
[19:44:20] [Render thread/INFO] (Minecraft) [CHAT] Summoned new Spider
[19:45:00] [Server thread/INFO] (Minecraft) Saving and pausing game...
[19:45:00] [Server thread/INFO] (Minecraft) Saving chunks for level 'ServerLevel[New World]'/minecraft:overworld
[19:45:00] [Server thread/INFO] (Minecraft) Saving chunks for level 'ServerLevel[New World]'/minecraft:the_nether
[19:45:00] [Server thread/INFO] (Minecraft) Saving chunks for level 'ServerLevel[New World]'/minecraft:the_end
[19:46:09] [Server thread/INFO] (Minecraft) Saving and pausing game...
[19:46:09] [Server thread/INFO] (Minecraft) Saving chunks for level 'ServerLevel[New World]'/minecraft:overworld
[19:46:09] [Server thread/INFO] (Minecraft) Saving chunks for level 'ServerLevel[New World]'/minecraft:the_nether
[19:46:09] [Server thread/INFO] (Minecraft) Saving chunks for level 'ServerLevel[New World]'/minecraft:the_end
[19:46:09] [Server thread/INFO] (Minecraft) Player986 lost connection: Disconnected
[19:46:09] [Server thread/INFO] (Minecraft) Player986 left the game
[19:46:09] [Server thread/INFO] (Minecraft) Stopping singleplayer server as player logged out
[19:46:09] [Server thread/INFO] (Minecraft) Stopping server
[19:46:09] [Server thread/INFO] (Minecraft) Saving players
[19:46:09] [Server thread/INFO] (Minecraft) Saving worlds
[19:46:09] [Server thread/INFO] (Minecraft) Saving chunks for level 'ServerLevel[New World]'/minecraft:overworld
[19:46:10] [Server thread/INFO] (Minecraft) Saving chunks for level 'ServerLevel[New World]'/minecraft:the_nether
[19:46:10] [Server thread/INFO] (Minecraft) Saving chunks for level 'ServerLevel[New World]'/minecraft:the_end
[19:46:10] [Server thread/INFO] (Minecraft) ThreadedAnvilChunkStorage (New World): All chunks are saved
[19:46:10] [Server thread/INFO] (Minecraft) ThreadedAnvilChunkStorage (DIM-1): All chunks are saved
[19:46:10] [Server thread/INFO] (Minecraft) ThreadedAnvilChunkStorage (DIM1): All chunks are saved
[19:46:10] [Server thread/INFO] (Minecraft) ThreadedAnvilChunkStorage: All dimensions are saved
[19:46:14] [Render thread/INFO] (Minecraft) Stopping!
